<?xml version="1.0" encoding="UTF-8"?>
<coverage generated="1775709360269" clover="3.2.0">
  <project timestamp="1775709360269" name="All files">
    <metrics statements="115" coveredstatements="94" conditionals="107" coveredconditionals="80" methods="39" coveredmethods="31" elements="261" coveredelements="205" complexity="0" loc="115" ncloc="115" packages="3" files="4" classes="4"/>
    <package name="src">
      <metrics statements="92" coveredstatements="75" conditionals="89" coveredconditionals="72" methods="36" coveredmethods="30"/>
      <file name="App.tsx" path="/Users/va/workspace/ai-research/src/App.tsx">
        <metrics statements="92" coveredstatements="75" conditionals="89" coveredconditionals="72" methods="36" coveredmethods="30"/>
        <line num="1" count="1" type="stmt"/>
        <line num="2" count="1" type="stmt"/>
        <line num="3" count="1" type="stmt"/>
        <line num="4" count="1" type="stmt"/>
        <line num="5" count="1" type="stmt"/>
        <line num="16" count="55" type="stmt"/>
        <line num="17" count="55" type="stmt"/>
        <line num="18" count="55" type="stmt"/>
        <line num="19" count="55" type="stmt"/>
        <line num="20" count="55" type="stmt"/>
        <line num="23" count="55" type="stmt"/>
        <line num="25" count="7" type="stmt"/>
        <line num="26" count="7" type="stmt"/>
        <line num="30" count="7" type="stmt"/>
        <line num="31" count="7" type="stmt"/>
        <line num="33" count="7" type="cond" truecount="1" falsecount="1"/>
        <line num="34" count="0" type="stmt"/>
        <line num="35" count="0" type="stmt"/>
        <line num="39" count="7" type="stmt"/>
        <line num="40" count="7" type="stmt"/>
        <line num="44" count="55" type="stmt"/>
        <line num="50" count="55" type="stmt"/>
        <line num="51" count="1" type="stmt"/>
        <line num="53" count="55" type="stmt"/>
        <line num="54" count="55" type="stmt"/>
        <line num="55" count="55" type="stmt"/>
        <line num="56" count="55" type="stmt"/>
        <line num="57" count="1" type="stmt"/>
        <line num="60" count="55" type="stmt"/>
        <line num="61" count="32" type="cond" truecount="2" falsecount="0"/>
        <line num="62" count="7" type="stmt"/>
        <line num="63" count="7" type="stmt"/>
        <line num="66" count="25" type="cond" truecount="10" falsecount="0"/>
        <line num="67" count="19" type="stmt"/>
        <line num="68" count="11" type="stmt"/>
        <line num="69" count="9" type="cond" truecount="2" falsecount="0"/>
        <line num="70" count="8" type="cond" truecount="1" falsecount="1"/>
        <line num="72" count="11" type="stmt"/>
        <line num="76" count="55" type="stmt"/>
        <line num="77" count="0" type="stmt"/>
        <line num="78" count="0" type="stmt"/>
        <line num="84" count="0" type="cond" truecount="0" falsecount="2"/>
        <line num="86" count="0" type="cond" truecount="0" falsecount="2"/>
        <line num="87" count="0" type="stmt"/>
        <line num="92" count="55" type="stmt"/>
        <line num="93" count="1" type="stmt"/>
        <line num="94" count="1" type="cond" truecount="4" falsecount="1"/>
        <line num="96" count="1" type="stmt"/>
        <line num="97" count="1" type="stmt"/>
        <line num="98" count="1" type="stmt"/>
        <line num="100" count="0" type="stmt"/>
        <line num="104" count="55" type="stmt"/>
        <line num="105" count="1" type="cond" truecount="1" falsecount="1"/>
        <line num="106" count="1" type="stmt"/>
        <line num="107" count="1" type="stmt"/>
        <line num="109" count="0" type="stmt"/>
        <line num="113" count="55" type="stmt"/>
        <line num="114" count="1" type="cond" truecount="3" falsecount="1"/>
        <line num="115" count="1" type="stmt"/>
        <line num="116" count="1" type="stmt"/>
        <line num="117" count="1" type="stmt"/>
        <line num="119" count="0" type="stmt"/>
        <line num="123" count="55" type="stmt"/>
        <line num="124" count="1" type="cond" truecount="1" falsecount="1"/>
        <line num="125" count="1" type="cond" truecount="1" falsecount="1"/>
        <line num="126" count="1" type="cond" truecount="3" falsecount="1"/>
        <line num="128" count="1" type="stmt"/>
        <line num="129" count="1" type="stmt"/>
        <line num="130" count="1" type="stmt"/>
        <line num="131" count="1" type="stmt"/>
        <line num="134" count="55" type="stmt"/>
        <line num="135" count="1" type="cond" truecount="3" falsecount="1"/>
        <line num="136" count="1" type="stmt"/>
        <line num="137" count="1" type="stmt"/>
        <line num="139" count="0" type="stmt"/>
        <line num="143" count="55" type="stmt"/>
        <line num="152" count="0" type="stmt"/>
        <line num="174" count="1" type="stmt"/>
        <line num="204" count="47" type="stmt"/>
        <line num="212" count="1" type="stmt"/>
        <line num="220" count="1" type="stmt"/>
        <line num="221" count="0" type="stmt"/>
        <line num="222" count="1" type="cond" truecount="2" falsecount="0"/>
        <line num="229" count="0" type="cond" truecount="0" falsecount="4"/>
        <line num="230" count="0" type="stmt"/>
        <line num="231" count="0" type="stmt"/>
        <line num="243" count="0" type="stmt"/>
        <line num="251" count="1" type="stmt"/>
        <line num="260" count="1" type="stmt"/>
        <line num="261" count="1" type="stmt"/>
        <line num="269" count="1" type="stmt"/>
        <line num="294" count="1" type="stmt"/>
      </file>
    </package>
    <package name="src.graphql">
      <metrics statements="7" coveredstatements="7" conditionals="0" coveredconditionals="0" methods="0" coveredmethods="0"/>
      <file name="queries.ts" path="/Users/va/workspace/ai-research/src/graphql/queries.ts">
        <metrics statements="7" coveredstatements="7" conditionals="0" coveredconditionals="0" methods="0" coveredmethods="0"/>
        <line num="1" count="1" type="stmt"/>
        <line num="3" count="1" type="stmt"/>
        <line num="21" count="1" type="stmt"/>
        <line num="33" count="1" type="stmt"/>
        <line num="47" count="1" type="stmt"/>
        <line num="61" count="1" type="stmt"/>
        <line num="71" count="1" type="stmt"/>
      </file>
    </package>
    <package name="src.lib">
      <metrics statements="16" coveredstatements="12" conditionals="18" coveredconditionals="8" methods="3" coveredmethods="1"/>
      <file name="apolloClient.ts" path="/Users/va/workspace/ai-research/src/lib/apolloClient.ts">
        <metrics statements="10" coveredstatements="7" conditionals="6" coveredconditionals="0" methods="2" coveredmethods="0"/>
        <line num="1" count="1" type="stmt"/>
        <line num="2" count="1" type="stmt"/>
        <line num="3" count="1" type="stmt"/>
        <line num="4" count="1" type="stmt"/>
        <line num="6" count="1" type="stmt"/>
        <line num="10" count="1" type="stmt"/>
        <line num="12" count="0" type="stmt"/>
        <line num="13" count="0" type="cond" truecount="0" falsecount="4"/>
        <line num="15" count="0" type="stmt"/>
        <line num="25" count="1" type="stmt"/>
      </file>
      <file name="env.ts" path="/Users/va/workspace/ai-research/src/lib/env.ts">
        <metrics statements="6" coveredstatements="5" conditionals="12" coveredconditionals="8" methods="1" coveredmethods="1"/>
        <line num="1" count="1" type="stmt"/>
        <line num="2" count="1" type="stmt"/>
        <line num="4" count="1" type="stmt"/>
        <line num="5" count="0" type="cond" truecount="0" falsecount="2"/>
        <line num="8" count="1" type="stmt"/>
        <line num="9" count="1" type="cond" truecount="8" falsecount="2"/>
      </file>
    </package>
  </project>
</coverage>
