{"/Users/va/workspace/ai-research/src/App.tsx": {"path":"/Users/va/workspace/ai-research/src/App.tsx","statementMap":{"0":{"start":{"line":1,"column":0},"end":{"line":1,"column":44}},"1":{"start":{"line":2,"column":0},"end":{"line":2,"column":61}},"2":{"start":{"line":3,"column":0},"end":{"line":3,"column":119}},"3":{"start":{"line":4,"column":0},"end":{"line":4,"column":48}},"4":{"start":{"line":5,"column":0},"end":{"line":5,"column":44}},"5":{"start":{"line":16,"column":32},"end":{"line":16,"column":62}},"6":{"start":{"line":17,"column":32},"end":{"line":17,"column":44}},"7":{"start":{"line":18,"column":36},"end":{"line":18,"column":65}},"8":{"start":{"line":19,"column":42},"end":{"line":19,"column":54}},"9":{"start":{"line":20,"column":38},"end":{"line":20,"column":58}},"10":{"start":{"line":23,"column":2},"end":{"line":42,"column":9}},"11":{"start":{"line":25,"column":4},"end":{"line":27,"column":7}},"12":{"start":{"line":26,"column":6},"end":{"line":26,"column":26}},"13":{"start":{"line":30,"column":39},"end":{"line":37,"column":6}},"14":{"start":{"line":31,"column":6},"end":{"line":31,"column":29}},"15":{"start":{"line":33,"column":6},"end":{"line":36,"column":7}},"16":{"start":{"line":34,"column":8},"end":{"line":34,"column":26}},"17":{"start":{"line":35,"column":8},"end":{"line":35,"column":28}},"18":{"start":{"line":39,"column":4},"end":{"line":41,"column":6}},"19":{"start":{"line":40,"column":6},"end":{"line":40,"column":33}},"20":{"start":{"line":44,"column":37},"end":{"line":48,"column":4}},"21":{"start":{"line":50,"column":43},"end":{"line":52,"column":4}},"22":{"start":{"line":51,"column":23},"end":{"line":51,"column":32}},"23":{"start":{"line":53,"column":23},"end":{"line":53,"column":81}},"24":{"start":{"line":53,"column":69},"end":{"line":53,"column":78}},"25":{"start":{"line":54,"column":23},"end":{"line":54,"column":81}},"26":{"start":{"line":54,"column":69},"end":{"line":54,"column":78}},"27":{"start":{"line":55,"column":28},"end":{"line":55,"column":92}},"28":{"start":{"line":55,"column":80},"end":{"line":55,"column":89}},"29":{"start":{"line":56,"column":55},"end":{"line":58,"column":4}},"30":{"start":{"line":57,"column":23},"end":{"line":57,"column":32}},"31":{"start":{"line":60,"column":2},"end":{"line":74,"column":22}},"32":{"start":{"line":61,"column":4},"end":{"line":64,"column":5}},"33":{"start":{"line":62,"column":6},"end":{"line":62,"column":24}},"34":{"start":{"line":63,"column":6},"end":{"line":63,"column":13}},"35":{"start":{"line":66,"column":4},"end":{"line":73,"column":5}},"36":{"start":{"line":67,"column":27},"end":{"line":67,"column":94}},"37":{"start":{"line":67,"column":84},"end":{"line":67,"column":93}},"38":{"start":{"line":68,"column":26},"end":{"line":71,"column":8}},"39":{"start":{"line":69,"column":8},"end":{"line":69,"column":54}},"40":{"start":{"line":69,"column":45},"end":{"line":69,"column":54}},"41":{"start":{"line":70,"column":8},"end":{"line":70,"column":38}},"42":{"start":{"line":72,"column":6},"end":{"line":72,"column":33}},"43":{"start":{"line":76,"column":22},"end":{"line":90,"column":4}},"44":{"start":{"line":76,"column":33},"end":{"line":90,"column":4}},"45":{"start":{"line":77,"column":4},"end":{"line":89,"column":5}},"46":{"start":{"line":78,"column":24},"end":{"line":83,"column":8}},"47":{"start":{"line":84,"column":6},"end":{"line":84,"column":29}},"48":{"start":{"line":84,"column":17},"end":{"line":84,"column":29}},"49":{"start":{"line":86,"column":6},"end":{"line":88,"column":7}},"50":{"start":{"line":87,"column":8},"end":{"line":87,"column":51}},"51":{"start":{"line":92,"column":24},"end":{"line":102,"column":4}},"52":{"start":{"line":92,"column":53},"end":{"line":102,"column":4}},"53":{"start":{"line":93,"column":4},"end":{"line":93,"column":23}},"54":{"start":{"line":94,"column":4},"end":{"line":94,"column":56}},"55":{"start":{"line":94,"column":49},"end":{"line":94,"column":56}},"56":{"start":{"line":96,"column":4},"end":{"line":101,"column":5}},"57":{"start":{"line":97,"column":6},"end":{"line":97,"column":55}},"58":{"start":{"line":98,"column":6},"end":{"line":98,"column":21}},"59":{"start":{"line":100,"column":6},"end":{"line":100,"column":47}},"60":{"start":{"line":104,"column":27},"end":{"line":111,"column":4}},"61":{"start":{"line":104,"column":70},"end":{"line":111,"column":4}},"62":{"start":{"line":105,"column":4},"end":{"line":105,"column":25}},"63":{"start":{"line":105,"column":18},"end":{"line":105,"column":25}},"64":{"start":{"line":106,"column":4},"end":{"line":110,"column":5}},"65":{"start":{"line":107,"column":6},"end":{"line":107,"column":73}},"66":{"start":{"line":109,"column":6},"end":{"line":109,"column":49}},"67":{"start":{"line":113,"column":25},"end":{"line":121,"column":4}},"68":{"start":{"line":113,"column":46},"end":{"line":121,"column":4}},"69":{"start":{"line":114,"column":4},"end":{"line":114,"column":49}},"70":{"start":{"line":114,"column":42},"end":{"line":114,"column":49}},"71":{"start":{"line":115,"column":4},"end":{"line":120,"column":5}},"72":{"start":{"line":116,"column":6},"end":{"line":116,"column":72}},"73":{"start":{"line":117,"column":6},"end":{"line":117,"column":25}},"74":{"start":{"line":119,"column":6},"end":{"line":119,"column":49}},"75":{"start":{"line":123,"column":19},"end":{"line":132,"column":3}},"76":{"start":{"line":124,"column":4},"end":{"line":124,"column":25}},"77":{"start":{"line":124,"column":18},"end":{"line":124,"column":25}},"78":{"start":{"line":125,"column":21},"end":{"line":125,"column":63}},"79":{"start":{"line":126,"column":4},"end":{"line":126,"column":62}},"80":{"start":{"line":126,"column":55},"end":{"line":126,"column":62}},"81":{"start":{"line":128,"column":21},"end":{"line":128,"column":36}},"82":{"start":{"line":129,"column":24},"end":{"line":129,"column":49}},"83":{"start":{"line":130,"column":4},"end":{"line":130,"column":44}},"84":{"start":{"line":131,"column":4},"end":{"line":131,"column":28}},"85":{"start":{"line":134,"column":26},"end":{"line":141,"column":4}},"86":{"start":{"line":134,"column":37},"end":{"line":141,"column":4}},"87":{"start":{"line":135,"column":4},"end":{"line":135,"column":70}},"88":{"start":{"line":135,"column":63},"end":{"line":135,"column":70}},"89":{"start":{"line":136,"column":4},"end":{"line":140,"column":5}},"90":{"start":{"line":137,"column":6},"end":{"line":137,"column":29}},"91":{"start":{"line":139,"column":6},"end":{"line":139,"column":54}},"92":{"start":{"line":143,"column":2},"end":{"line":291,"column":4}},"93":{"start":{"line":152,"column":31},"end":{"line":152,"column":54}},"94":{"start":{"line":174,"column":29},"end":{"line":174,"column":55}},"95":{"start":{"line":204,"column":12},"end":{"line":205,"column":null}},"96":{"start":{"line":212,"column":34},"end":{"line":212,"column":77}},"97":{"start":{"line":220,"column":37},"end":{"line":220,"column":68}},"98":{"start":{"line":221,"column":34},"end":{"line":221,"column":57}},"99":{"start":{"line":222,"column":38},"end":{"line":222,"column":82}},"100":{"start":{"line":229,"column":22},"end":{"line":232,"column":23}},"101":{"start":{"line":230,"column":24},"end":{"line":230,"column":46}},"102":{"start":{"line":231,"column":24},"end":{"line":231,"column":52}},"103":{"start":{"line":243,"column":33},"end":{"line":243,"column":54}},"104":{"start":{"line":251,"column":33},"end":{"line":251,"column":56}},"105":{"start":{"line":260,"column":20},"end":{"line":260,"column":42}},"106":{"start":{"line":261,"column":20},"end":{"line":261,"column":48}},"107":{"start":{"line":269,"column":33},"end":{"line":269,"column":75}},"108":{"start":{"line":294,"column":0},"end":{"line":294,"column":19}}},"fnMap":{"0":{"name":"App","decl":{"start":{"line":15,"column":9},"end":{"line":15,"column":12}},"loc":{"start":{"line":15,"column":12},"end":{"line":292,"column":1}}},"1":{"name":"(anonymous_8)","decl":{"start":{"line":23,"column":12},"end":{"line":23,"column":15}},"loc":{"start":{"line":23,"column":17},"end":{"line":42,"column":3}}},"2":{"name":"(anonymous_9)","decl":{"start":{"line":25,"column":36},"end":{"line":25,"column":37}},"loc":{"start":{"line":25,"column":62},"end":{"line":27,"column":5}}},"3":{"name":"(anonymous_10)","decl":{"start":{"line":30,"column":71},"end":{"line":30,"column":72}},"loc":{"start":{"line":30,"column":93},"end":{"line":37,"column":5}}},"4":{"name":"(anonymous_11)","decl":{"start":{"line":39,"column":11},"end":{"line":39,"column":14}},"loc":{"start":{"line":39,"column":16},"end":{"line":41,"column":5}}},"5":{"name":"(anonymous_12)","decl":{"start":{"line":51,"column":17},"end":{"line":51,"column":20}},"loc":{"start":{"line":51,"column":23},"end":{"line":51,"column":32}}},"6":{"name":"(anonymous_13)","decl":{"start":{"line":53,"column":63},"end":{"line":53,"column":66}},"loc":{"start":{"line":53,"column":69},"end":{"line":53,"column":78}}},"7":{"name":"(anonymous_14)","decl":{"start":{"line":54,"column":63},"end":{"line":54,"column":66}},"loc":{"start":{"line":54,"column":69},"end":{"line":54,"column":78}}},"8":{"name":"(anonymous_15)","decl":{"start":{"line":55,"column":74},"end":{"line":55,"column":77}},"loc":{"start":{"line":55,"column":80},"end":{"line":55,"column":89}}},"9":{"name":"(anonymous_16)","decl":{"start":{"line":57,"column":17},"end":{"line":57,"column":20}},"loc":{"start":{"line":57,"column":23},"end":{"line":57,"column":32}}},"10":{"name":"(anonymous_17)","decl":{"start":{"line":60,"column":12},"end":{"line":60,"column":15}},"loc":{"start":{"line":60,"column":17},"end":{"line":74,"column":3}}},"11":{"name":"(anonymous_18)","decl":{"start":{"line":67,"column":58},"end":{"line":67,"column":59}},"loc":{"start":{"line":67,"column":84},"end":{"line":67,"column":93}}},"12":{"name":"(anonymous_19)","decl":{"start":{"line":68,"column":49},"end":{"line":68,"column":50}},"loc":{"start":{"line":68,"column":58},"end":{"line":71,"column":7}}},"13":{"name":"(anonymous_20)","decl":{"start":{"line":76,"column":22},"end":{"line":76,"column":31}},"loc":{"start":{"line":76,"column":33},"end":{"line":90,"column":4}}},"14":{"name":"(anonymous_21)","decl":{"start":{"line":76,"column":33},"end":{"line":76,"column":null}},"loc":{"start":{"line":76,"column":33},"end":{"line":90,"column":3}}},"15":{"name":"(anonymous_22)","decl":{"start":{"line":92,"column":24},"end":{"line":92,"column":31}},"loc":{"start":{"line":92,"column":53},"end":{"line":102,"column":4}}},"16":{"name":"(anonymous_23)","decl":{"start":{"line":92,"column":53},"end":{"line":92,"column":null}},"loc":{"start":{"line":92,"column":53},"end":{"line":102,"column":3}}},"17":{"name":"(anonymous_24)","decl":{"start":{"line":104,"column":27},"end":{"line":104,"column":34}},"loc":{"start":{"line":104,"column":70},"end":{"line":111,"column":4}}},"18":{"name":"(anonymous_25)","decl":{"start":{"line":104,"column":70},"end":{"line":104,"column":null}},"loc":{"start":{"line":104,"column":70},"end":{"line":111,"column":3}}},"19":{"name":"(anonymous_26)","decl":{"start":{"line":113,"column":25},"end":{"line":113,"column":32}},"loc":{"start":{"line":113,"column":46},"end":{"line":121,"column":4}}},"20":{"name":"(anonymous_27)","decl":{"start":{"line":113,"column":46},"end":{"line":113,"column":null}},"loc":{"start":{"line":113,"column":46},"end":{"line":121,"column":3}}},"21":{"name":"(anonymous_28)","decl":{"start":{"line":123,"column":19},"end":{"line":123,"column":20}},"loc":{"start":{"line":123,"column":63},"end":{"line":132,"column":3}}},"22":{"name":"(anonymous_29)","decl":{"start":{"line":134,"column":26},"end":{"line":134,"column":35}},"loc":{"start":{"line":134,"column":37},"end":{"line":141,"column":4}}},"23":{"name":"(anonymous_30)","decl":{"start":{"line":134,"column":37},"end":{"line":134,"column":null}},"loc":{"start":{"line":134,"column":37},"end":{"line":141,"column":3}}},"24":{"name":"(anonymous_31)","decl":{"start":{"line":152,"column":25},"end":{"line":152,"column":28}},"loc":{"start":{"line":152,"column":31},"end":{"line":152,"column":54}}},"25":{"name":"(anonymous_32)","decl":{"start":{"line":174,"column":22},"end":{"line":174,"column":23}},"loc":{"start":{"line":174,"column":29},"end":{"line":174,"column":55}}},"26":{"name":"(anonymous_33)","decl":{"start":{"line":203,"column":26},"end":{"line":203,"column":27}},"loc":{"start":{"line":204,"column":12},"end":{"line":205,"column":null}}},"27":{"name":"(anonymous_34)","decl":{"start":{"line":212,"column":28},"end":{"line":212,"column":31}},"loc":{"start":{"line":212,"column":34},"end":{"line":212,"column":77}}},"28":{"name":"(anonymous_35)","decl":{"start":{"line":220,"column":30},"end":{"line":220,"column":31}},"loc":{"start":{"line":220,"column":37},"end":{"line":220,"column":68}}},"29":{"name":"(anonymous_36)","decl":{"start":{"line":221,"column":28},"end":{"line":221,"column":31}},"loc":{"start":{"line":221,"column":34},"end":{"line":221,"column":57}}},"30":{"name":"(anonymous_37)","decl":{"start":{"line":222,"column":31},"end":{"line":222,"column":32}},"loc":{"start":{"line":222,"column":38},"end":{"line":222,"column":82}}},"31":{"name":"(anonymous_38)","decl":{"start":{"line":228,"column":29},"end":{"line":228,"column":32}},"loc":{"start":{"line":228,"column":34},"end":{"line":233,"column":21}}},"32":{"name":"(anonymous_39)","decl":{"start":{"line":243,"column":27},"end":{"line":243,"column":30}},"loc":{"start":{"line":243,"column":33},"end":{"line":243,"column":54}}},"33":{"name":"(anonymous_40)","decl":{"start":{"line":251,"column":27},"end":{"line":251,"column":30}},"loc":{"start":{"line":251,"column":33},"end":{"line":251,"column":56}}},"34":{"name":"(anonymous_41)","decl":{"start":{"line":259,"column":27},"end":{"line":259,"column":30}},"loc":{"start":{"line":259,"column":32},"end":{"line":262,"column":19}}},"35":{"name":"(anonymous_42)","decl":{"start":{"line":269,"column":27},"end":{"line":269,"column":30}},"loc":{"start":{"line":269,"column":33},"end":{"line":269,"column":75}}}},"branchMap":{"0":{"loc":{"start":{"line":33,"column":6},"end":{"line":36,"column":7}},"type":"if","locations":[{"start":{"line":33,"column":6},"end":{"line":36,"column":7}},{"start":{},"end":{}}]},"1":{"loc":{"start":{"line":45,"column":25},"end":{"line":45,"column":42}},"type":"cond-expr","locations":[{"start":{"line":45,"column":38},"end":{"line":45,"column":40}},{"start":{"line":45,"column":38},"end":{"line":45,"column":42}}]},"2":{"loc":{"start":{"line":45,"column":25},"end":{"line":45,"column":40}},"type":"binary-expr","locations":[{"start":{"line":45,"column":25},"end":{"line":45,"column":40}},{"start":{"line":45,"column":38},"end":{"line":45,"column":40}}]},"3":{"loc":{"start":{"line":45,"column":25},"end":{"line":45,"column":38}},"type":"cond-expr","locations":[{"start":{"line":45,"column":32},"end":{"line":45,"column":34}},{"start":{"line":45,"column":25},"end":{"line":45,"column":38}}]},"4":{"loc":{"start":{"line":45,"column":25},"end":{"line":45,"column":34}},"type":"binary-expr","locations":[{"start":{"line":45,"column":25},"end":{"line":45,"column":34}},{"start":{"line":45,"column":25},"end":{"line":45,"column":34}}]},"5":{"loc":{"start":{"line":61,"column":4},"end":{"line":64,"column":5}},"type":"if","locations":[{"start":{"line":61,"column":4},"end":{"line":64,"column":5}},{"start":{},"end":{}}]},"6":{"loc":{"start":{"line":66,"column":4},"end":{"line":73,"column":5}},"type":"if","locations":[{"start":{"line":66,"column":4},"end":{"line":73,"column":5}},{"start":{},"end":{}}]},"7":{"loc":{"start":{"line":66,"column":8},"end":{"line":66,"column":36}},"type":"cond-expr","locations":[{"start":{"line":66,"column":29},"end":{"line":66,"column":31}},{"start":{"line":66,"column":29},"end":{"line":66,"column":36}}]},"8":{"loc":{"start":{"line":66,"column":8},"end":{"line":66,"column":31}},"type":"binary-expr","locations":[{"start":{"line":66,"column":8},"end":{"line":66,"column":31}},{"start":{"line":66,"column":29},"end":{"line":66,"column":31}}]},"9":{"loc":{"start":{"line":66,"column":8},"end":{"line":66,"column":29}},"type":"cond-expr","locations":[{"start":{"line":66,"column":12},"end":{"line":66,"column":14}},{"start":{"line":66,"column":8},"end":{"line":66,"column":29}}]},"10":{"loc":{"start":{"line":66,"column":8},"end":{"line":66,"column":14}},"type":"binary-expr","locations":[{"start":{"line":66,"column":8},"end":{"line":66,"column":14}},{"start":{"line":66,"column":8},"end":{"line":66,"column":14}}]},"11":{"loc":{"start":{"line":69,"column":8},"end":{"line":69,"column":54}},"type":"if","locations":[{"start":{"line":69,"column":8},"end":{"line":69,"column":54}},{"start":{},"end":{}}]},"12":{"loc":{"start":{"line":70,"column":15},"end":{"line":70,"column":37}},"type":"cond-expr","locations":[{"start":{"line":70,"column":31},"end":{"line":70,"column":32}},{"start":{"line":70,"column":35},"end":{"line":70,"column":37}}]},"13":{"loc":{"start":{"line":84,"column":6},"end":{"line":84,"column":29}},"type":"if","locations":[{"start":{"line":84,"column":6},"end":{"line":84,"column":29}},{"start":{},"end":{}}]},"14":{"loc":{"start":{"line":86,"column":6},"end":{"line":88,"column":7}},"type":"if","locations":[{"start":{"line":86,"column":6},"end":{"line":88,"column":7}},{"start":{},"end":{}}]},"15":{"loc":{"start":{"line":94,"column":4},"end":{"line":94,"column":56}},"type":"if","locations":[{"start":{"line":94,"column":4},"end":{"line":94,"column":56}},{"start":{},"end":{}}]},"16":{"loc":{"start":{"line":94,"column":8},"end":{"line":94,"column":47}},"type":"binary-expr","locations":[{"start":{"line":94,"column":8},"end":{"line":94,"column":16}},{"start":{"line":94,"column":20},"end":{"line":94,"column":35}},{"start":{"line":94,"column":39},"end":{"line":94,"column":47}}]},"17":{"loc":{"start":{"line":105,"column":4},"end":{"line":105,"column":25}},"type":"if","locations":[{"start":{"line":105,"column":4},"end":{"line":105,"column":25}},{"start":{},"end":{}}]},"18":{"loc":{"start":{"line":114,"column":4},"end":{"line":114,"column":49}},"type":"if","locations":[{"start":{"line":114,"column":4},"end":{"line":114,"column":49}},{"start":{},"end":{}}]},"19":{"loc":{"start":{"line":114,"column":8},"end":{"line":114,"column":40}},"type":"binary-expr","locations":[{"start":{"line":114,"column":8},"end":{"line":114,"column":16}},{"start":{"line":114,"column":20},"end":{"line":114,"column":40}}]},"20":{"loc":{"start":{"line":124,"column":4},"end":{"line":124,"column":25}},"type":"if","locations":[{"start":{"line":124,"column":4},"end":{"line":124,"column":25}},{"start":{},"end":{}}]},"21":{"loc":{"start":{"line":125,"column":21},"end":{"line":125,"column":63}},"type":"cond-expr","locations":[{"start":{"line":125,"column":42},"end":{"line":125,"column":51}},{"start":{"line":125,"column":54},"end":{"line":125,"column":63}}]},"22":{"loc":{"start":{"line":126,"column":4},"end":{"line":126,"column":62}},"type":"if","locations":[{"start":{"line":126,"column":4},"end":{"line":126,"column":62}},{"start":{},"end":{}}]},"23":{"loc":{"start":{"line":126,"column":8},"end":{"line":126,"column":53}},"type":"binary-expr","locations":[{"start":{"line":126,"column":8},"end":{"line":126,"column":20}},{"start":{"line":126,"column":24},"end":{"line":126,"column":53}}]},"24":{"loc":{"start":{"line":135,"column":4},"end":{"line":135,"column":70}},"type":"if","locations":[{"start":{"line":135,"column":4},"end":{"line":135,"column":70}},{"start":{},"end":{}}]},"25":{"loc":{"start":{"line":135,"column":8},"end":{"line":135,"column":61}},"type":"binary-expr","locations":[{"start":{"line":135,"column":8},"end":{"line":135,"column":16}},{"start":{"line":135,"column":20},"end":{"line":135,"column":61}}]},"26":{"loc":{"start":{"line":148,"column":11},"end":{"line":164,"column":null}},"type":"cond-expr","locations":[{"start":{"line":149,"column":12},"end":{"line":156,"column":null}},{"start":{"line":159,"column":12},"end":{"line":161,"column":null}}]},"27":{"loc":{"start":{"line":176,"column":22},"end":{"line":176,"column":42}},"type":"binary-expr","locations":[{"start":{"line":176,"column":22},"end":{"line":176,"column":30}},{"start":{"line":176,"column":34},"end":{"line":176,"column":42}}]},"28":{"loc":{"start":{"line":181,"column":22},"end":{"line":181,"column":42}},"type":"binary-expr","locations":[{"start":{"line":181,"column":22},"end":{"line":181,"column":30}},{"start":{"line":181,"column":34},"end":{"line":181,"column":42}}]},"29":{"loc":{"start":{"line":184,"column":13},"end":{"line":184,"column":48}},"type":"cond-expr","locations":[{"start":{"line":184,"column":24},"end":{"line":184,"column":35}},{"start":{"line":184,"column":38},"end":{"line":184,"column":48}}]},"30":{"loc":{"start":{"line":188,"column":9},"end":{"line":188,"column":98}},"type":"binary-expr","locations":[{"start":{"line":188,"column":9},"end":{"line":188,"column":16}},{"start":{"line":188,"column":20},"end":{"line":188,"column":27}},{"start":{"line":188,"column":31},"end":{"line":188,"column":98}}]},"31":{"loc":{"start":{"line":190,"column":9},"end":{"line":199,"column":null}},"type":"binary-expr","locations":[{"start":{"line":190,"column":9},"end":{"line":190,"column":17}},{"start":{"line":191,"column":10},"end":{"line":198,"column":null}}]},"32":{"loc":{"start":{"line":206,"column":126},"end":{"line":206,"column":173}},"type":"cond-expr","locations":[{"start":{"line":206,"column":145},"end":{"line":206,"column":157}},{"start":{"line":206,"column":160},"end":{"line":206,"column":173}}]},"33":{"loc":{"start":{"line":216,"column":17},"end":{"line":237,"column":null}},"type":"cond-expr","locations":[{"start":{"line":217,"column":18},"end":{"line":224,"column":null}},{"start":{"line":227,"column":18},"end":{"line":236,"column":null}}]},"34":{"loc":{"start":{"line":222,"column":38},"end":{"line":222,"column":82}},"type":"binary-expr","locations":[{"start":{"line":222,"column":38},"end":{"line":222,"column":55}},{"start":{"line":222,"column":59},"end":{"line":222,"column":82}}]},"35":{"loc":{"start":{"line":229,"column":22},"end":{"line":232,"column":23}},"type":"if","locations":[{"start":{"line":229,"column":22},"end":{"line":232,"column":23}},{"start":{},"end":{}}]},"36":{"loc":{"start":{"line":229,"column":26},"end":{"line":229,"column":54}},"type":"binary-expr","locations":[{"start":{"line":229,"column":26},"end":{"line":229,"column":33}},{"start":{"line":229,"column":37},"end":{"line":229,"column":54}}]},"37":{"loc":{"start":{"line":234,"column":57},"end":{"line":234,"column":119}},"type":"cond-expr","locations":[{"start":{"line":234,"column":76},"end":{"line":234,"column":104}},{"start":{"line":234,"column":107},"end":{"line":234,"column":119}}]},"38":{"loc":{"start":{"line":244,"column":28},"end":{"line":244,"column":51}},"type":"binary-expr","locations":[{"start":{"line":244,"column":28},"end":{"line":244,"column":36}},{"start":{"line":244,"column":40},"end":{"line":244,"column":51}}]},"39":{"loc":{"start":{"line":252,"column":28},"end":{"line":252,"column":71}},"type":"binary-expr","locations":[{"start":{"line":252,"column":28},"end":{"line":252,"column":36}},{"start":{"line":252,"column":40},"end":{"line":252,"column":71}}]},"40":{"loc":{"start":{"line":263,"column":28},"end":{"line":263,"column":56}},"type":"binary-expr","locations":[{"start":{"line":263,"column":28},"end":{"line":263,"column":36}},{"start":{"line":263,"column":40},"end":{"line":263,"column":56}}]},"41":{"loc":{"start":{"line":280,"column":9},"end":{"line":287,"column":null}},"type":"binary-expr","locations":[{"start":{"line":280,"column":9},"end":{"line":280,"column":16}},{"start":{"line":280,"column":20},"end":{"line":280,"column":41}},{"start":{"line":281,"column":10},"end":{"line":286,"column":null}}]},"42":{"loc":{"start":{"line":286,"column":13},"end":{"line":286,"column":62}},"type":"cond-expr","locations":[{"start":{"line":286,"column":29},"end":{"line":286,"column":42}},{"start":{"line":286,"column":45},"end":{"line":286,"column":62}}]}},"s":{"0":1,"1":1,"2":1,"3":1,"4":1,"5":55,"6":55,"7":55,"8":55,"9":55,"10":55,"11":7,"12":7,"13":7,"14":7,"15":7,"16":0,"17":0,"18":7,"19":7,"20":55,"21":55,"22":1,"23":55,"24":1,"25":55,"26":1,"27":55,"28":1,"29":55,"30":1,"31":55,"32":32,"33":7,"34":7,"35":25,"36":11,"37":19,"38":11,"39":9,"40":1,"41":8,"42":11,"43":55,"44":0,"45":0,"46":0,"47":0,"48":0,"49":0,"50":0,"51":55,"52":1,"53":1,"54":1,"55":0,"56":1,"57":1,"58":1,"59":0,"60":55,"61":1,"62":1,"63":0,"64":1,"65":1,"66":0,"67":55,"68":1,"69":1,"70":0,"71":1,"72":1,"73":1,"74":0,"75":55,"76":1,"77":0,"78":1,"79":1,"80":0,"81":1,"82":1,"83":1,"84":1,"85":55,"86":1,"87":1,"88":0,"89":1,"90":1,"91":0,"92":55,"93":0,"94":1,"95":47,"96":1,"97":1,"98":0,"99":1,"100":0,"101":0,"102":0,"103":0,"104":1,"105":1,"106":1,"107":1,"108":1},"f":{"0":55,"1":7,"2":7,"3":7,"4":7,"5":1,"6":1,"7":1,"8":1,"9":1,"10":32,"11":19,"12":9,"13":0,"14":0,"15":1,"16":1,"17":1,"18":1,"19":1,"20":1,"21":1,"22":1,"23":1,"24":0,"25":1,"26":47,"27":1,"28":1,"29":0,"30":1,"31":0,"32":0,"33":1,"34":1,"35":1},"b":{"0":[0,7],"1":[7,48],"2":[55,55],"3":[7,48],"4":[55,48],"5":[7,25],"6":[11,14],"7":[14,11],"8":[25,25],"9":[14,11],"10":[25,25],"11":[1,8],"12":[8,0],"13":[0,0],"14":[0,0],"15":[0,1],"16":[1,1,1],"17":[0,1],"18":[0,1],"19":[1,1],"20":[0,1],"21":[0,1],"22":[0,1],"23":[1,1],"24":[0,1],"25":[1,1],"26":[48,7],"27":[55,52],"28":[55,48],"29":[3,52],"30":[55,21,21],"31":[55,7],"32":[25,22],"33":[4,43],"34":[1,1],"35":[0,0],"36":[0,0],"37":[25,18],"38":[47,47],"39":[47,47],"40":[47,47],"41":[55,48,24],"42":[1,23]}}
,"/Users/va/workspace/ai-research/src/graphql/queries.ts": {"path":"/Users/va/workspace/ai-research/src/graphql/queries.ts","statementMap":{"0":{"start":{"line":1,"column":0},"end":{"line":1,"column":37}},"1":{"start":{"line":3,"column":13},"end":{"line":18,"column":2}},"2":{"start":{"line":21,"column":13},"end":{"line":31,"column":2}},"3":{"start":{"line":33,"column":13},"end":{"line":45,"column":2}},"4":{"start":{"line":47,"column":13},"end":{"line":59,"column":2}},"5":{"start":{"line":61,"column":13},"end":{"line":69,"column":2}},"6":{"start":{"line":71,"column":13},"end":{"line":80,"column":2}}},"fnMap":{},"branchMap":{},"s":{"0":1,"1":1,"2":1,"3":1,"4":1,"5":1,"6":1},"f":{},"b":{}}
,"/Users/va/workspace/ai-research/src/lib/apolloClient.ts": {"path":"/Users/va/workspace/ai-research/src/lib/apolloClient.ts","statementMap":{"0":{"start":{"line":1,"column":0},"end":{"line":1,"column":77}},"1":{"start":{"line":2,"column":0},"end":{"line":2,"column":57}},"2":{"start":{"line":3,"column":0},"end":{"line":3,"column":44}},"3":{"start":{"line":4,"column":0},"end":{"line":4,"column":31}},"4":{"start":{"line":6,"column":17},"end":{"line":8,"column":2}},"5":{"start":{"line":10,"column":17},"end":{"line":23,"column":2}},"6":{"start":{"line":10,"column":53},"end":{"line":23,"column":2}},"7":{"start":{"line":12,"column":32},"end":{"line":12,"column":64}},"8":{"start":{"line":13,"column":16},"end":{"line":13,"column":37}},"9":{"start":{"line":15,"column":2},"end":{"line":22,"column":4}},"10":{"start":{"line":25,"column":13},"end":{"line":28,"column":3}}},"fnMap":{"0":{"name":"(anonymous_7)","decl":{"start":{"line":10,"column":28},"end":{"line":10,"column":35}},"loc":{"start":{"line":10,"column":53},"end":{"line":23,"column":2}}},"1":{"name":"(anonymous_8)","decl":{"start":{"line":10,"column":53},"end":{"line":10,"column":null}},"loc":{"start":{"line":10,"column":49},"end":{"line":23,"column":1}}}},"branchMap":{"0":{"loc":{"start":{"line":13,"column":16},"end":{"line":13,"column":37}},"type":"cond-expr","locations":[{"start":{"line":13,"column":23},"end":{"line":13,"column":25}},{"start":{"line":13,"column":16},"end":{"line":13,"column":37}}]},"1":{"loc":{"start":{"line":13,"column":16},"end":{"line":13,"column":25}},"type":"binary-expr","locations":[{"start":{"line":13,"column":16},"end":{"line":13,"column":25}},{"start":{"line":13,"column":16},"end":{"line":13,"column":25}}]},"2":{"loc":{"start":{"line":20,"column":21},"end":{"line":20,"column":93}},"type":"cond-expr","locations":[{"start":{"line":20,"column":29},"end":{"line":20,"column":46}},{"start":{"line":20,"column":49},"end":{"line":20,"column":93}}]}},"s":{"0":1,"1":1,"2":1,"3":1,"4":1,"5":1,"6":0,"7":0,"8":0,"9":0,"10":1},"f":{"0":0,"1":0},"b":{"0":[0,0],"1":[0,0],"2":[0,0]}}
,"/Users/va/workspace/ai-research/src/lib/env.ts": {"path":"/Users/va/workspace/ai-research/src/lib/env.ts","statementMap":{"0":{"start":{"line":1,"column":22},"end":{"line":11,"column":1}},"1":{"start":{"line":2,"column":2},"end":{"line":10,"column":3}},"2":{"start":{"line":4,"column":17},"end":{"line":4,"column":53}},"3":{"start":{"line":5,"column":4},"end":{"line":5,"column":32}},"4":{"start":{"line":8,"column":14},"end":{"line":8,"column":85}},"5":{"start":{"line":9,"column":4},"end":{"line":9,"column":42}},"6":{"start":{"line":1,"column":13},"end":{"line":1,"column":22}}},"fnMap":{"0":{"name":"(anonymous_0)","decl":{"start":{"line":1,"column":22},"end":{"line":1,"column":23}},"loc":{"start":{"line":1,"column":47},"end":{"line":11,"column":1}}}},"branchMap":{"0":{"loc":{"start":{"line":5,"column":11},"end":{"line":5,"column":31}},"type":"binary-expr","locations":[{"start":{"line":5,"column":11},"end":{"line":5,"column":25}},{"start":{"line":5,"column":29},"end":{"line":5,"column":31}}]},"1":{"loc":{"start":{"line":9,"column":11},"end":{"line":9,"column":41}},"type":"binary-expr","locations":[{"start":{"line":9,"column":12},"end":{"line":9,"column":34}},{"start":{"line":9,"column":39},"end":{"line":9,"column":41}}]},"2":{"loc":{"start":{"line":9,"column":12},"end":{"line":9,"column":34}},"type":"cond-expr","locations":[{"start":{"line":9,"column":26},"end":{"line":9,"column":29}},{"start":{"line":9,"column":26},"end":{"line":9,"column":34}}]},"3":{"loc":{"start":{"line":9,"column":12},"end":{"line":9,"column":29}},"type":"binary-expr","locations":[{"start":{"line":9,"column":12},"end":{"line":9,"column":29}},{"start":{"line":9,"column":26},"end":{"line":9,"column":29}}]},"4":{"loc":{"start":{"line":9,"column":12},"end":{"line":9,"column":26}},"type":"cond-expr","locations":[{"start":{"line":9,"column":21},"end":{"line":9,"column":23}},{"start":{"line":9,"column":21},"end":{"line":9,"column":26}}]},"5":{"loc":{"start":{"line":9,"column":12},"end":{"line":9,"column":23}},"type":"binary-expr","locations":[{"start":{"line":9,"column":12},"end":{"line":9,"column":23}},{"start":{"line":9,"column":21},"end":{"line":9,"column":23}}]}},"s":{"0":1,"1":1,"2":1,"3":0,"4":1,"5":1,"6":1},"f":{"0":1},"b":{"0":[0,0],"1":[1,1],"2":[0,1],"3":[1,1],"4":[0,1],"5":[1,1]}}
}
