TN:
SF:src/App.tsx
FN:15,App
FN:23,(anonymous_8)
FN:25,(anonymous_9)
FN:30,(anonymous_10)
FN:39,(anonymous_11)
FN:51,(anonymous_12)
FN:53,(anonymous_13)
FN:54,(anonymous_14)
FN:55,(anonymous_15)
FN:57,(anonymous_16)
FN:60,(anonymous_17)
FN:67,(anonymous_18)
FN:68,(anonymous_19)
FN:76,(anonymous_20)
FN:76,(anonymous_21)
FN:92,(anonymous_22)
FN:92,(anonymous_23)
FN:104,(anonymous_24)
FN:104,(anonymous_25)
FN:113,(anonymous_26)
FN:113,(anonymous_27)
FN:123,(anonymous_28)
FN:134,(anonymous_29)
FN:134,(anonymous_30)
FN:152,(anonymous_31)
FN:174,(anonymous_32)
FN:203,(anonymous_33)
FN:212,(anonymous_34)
FN:220,(anonymous_35)
FN:221,(anonymous_36)
FN:222,(anonymous_37)
FN:228,(anonymous_38)
FN:243,(anonymous_39)
FN:251,(anonymous_40)
FN:259,(anonymous_41)
FN:269,(anonymous_42)
FNF:36
FNH:30
FNDA:55,App
FNDA:7,(anonymous_8)
FNDA:7,(anonymous_9)
FNDA:7,(anonymous_10)
FNDA:7,(anonymous_11)
FNDA:1,(anonymous_12)
FNDA:1,(anonymous_13)
FNDA:1,(anonymous_14)
FNDA:1,(anonymous_15)
FNDA:1,(anonymous_16)
FNDA:32,(anonymous_17)
FNDA:19,(anonymous_18)
FNDA:9,(anonymous_19)
FNDA:0,(anonymous_20)
FNDA:0,(anonymous_21)
FNDA:1,(anonymous_22)
FNDA:1,(anonymous_23)
FNDA:1,(anonymous_24)
FNDA:1,(anonymous_25)
FNDA:1,(anonymous_26)
FNDA:1,(anonymous_27)
FNDA:1,(anonymous_28)
FNDA:1,(anonymous_29)
FNDA:1,(anonymous_30)
FNDA:0,(anonymous_31)
FNDA:1,(anonymous_32)
FNDA:47,(anonymous_33)
FNDA:1,(anonymous_34)
FNDA:1,(anonymous_35)
FNDA:0,(anonymous_36)
FNDA:1,(anonymous_37)
FNDA:0,(anonymous_38)
FNDA:0,(anonymous_39)
FNDA:1,(anonymous_40)
FNDA:1,(anonymous_41)
FNDA:1,(anonymous_42)
DA:1,1
DA:2,1
DA:3,1
DA:4,1
DA:5,1
DA:16,55
DA:17,55
DA:18,55
DA:19,55
DA:20,55
DA:23,55
DA:25,7
DA:26,7
DA:30,7
DA:31,7
DA:33,7
DA:34,0
DA:35,0
DA:39,7
DA:40,7
DA:44,55
DA:50,55
DA:51,1
DA:53,55
DA:54,55
DA:55,55
DA:56,55
DA:57,1
DA:60,55
DA:61,32
DA:62,7
DA:63,7
DA:66,25
DA:67,19
DA:68,11
DA:69,9
DA:70,8
DA:72,11
DA:76,55
DA:77,0
DA:78,0
DA:84,0
DA:86,0
DA:87,0
DA:92,55
DA:93,1
DA:94,1
DA:96,1
DA:97,1
DA:98,1
DA:100,0
DA:104,55
DA:105,1
DA:106,1
DA:107,1
DA:109,0
DA:113,55
DA:114,1
DA:115,1
DA:116,1
DA:117,1
DA:119,0
DA:123,55
DA:124,1
DA:125,1
DA:126,1
DA:128,1
DA:129,1
DA:130,1
DA:131,1
DA:134,55
DA:135,1
DA:136,1
DA:137,1
DA:139,0
DA:143,55
DA:152,0
DA:174,1
DA:204,47
DA:212,1
DA:220,1
DA:221,0
DA:222,1
DA:229,0
DA:230,0
DA:231,0
DA:243,0
DA:251,1
DA:260,1
DA:261,1
DA:269,1
DA:294,1
LF:92
LH:75
BRDA:33,0,0,0
BRDA:33,0,1,7
BRDA:45,1,0,7
BRDA:45,1,1,48
BRDA:45,2,0,55
BRDA:45,2,1,55
BRDA:45,3,0,7
BRDA:45,3,1,48
BRDA:45,4,0,55
BRDA:45,4,1,48
BRDA:61,5,0,7
BRDA:61,5,1,25
BRDA:66,6,0,11
BRDA:66,6,1,14
BRDA:66,7,0,14
BRDA:66,7,1,11
BRDA:66,8,0,25
BRDA:66,8,1,25
BRDA:66,9,0,14
BRDA:66,9,1,11
BRDA:66,10,0,25
BRDA:66,10,1,25
BRDA:69,11,0,1
BRDA:69,11,1,8
BRDA:70,12,0,8
BRDA:70,12,1,0
BRDA:84,13,0,0
BRDA:84,13,1,0
BRDA:86,14,0,0
BRDA:86,14,1,0
BRDA:94,15,0,0
BRDA:94,15,1,1
BRDA:94,16,0,1
BRDA:94,16,1,1
BRDA:94,16,2,1
BRDA:105,17,0,0
BRDA:105,17,1,1
BRDA:114,18,0,0
BRDA:114,18,1,1
BRDA:114,19,0,1
BRDA:114,19,1,1
BRDA:124,20,0,0
BRDA:124,20,1,1
BRDA:125,21,0,0
BRDA:125,21,1,1
BRDA:126,22,0,0
BRDA:126,22,1,1
BRDA:126,23,0,1
BRDA:126,23,1,1
BRDA:135,24,0,0
BRDA:135,24,1,1
BRDA:135,25,0,1
BRDA:135,25,1,1
BRDA:148,26,0,48
BRDA:148,26,1,7
BRDA:176,27,0,55
BRDA:176,27,1,52
BRDA:181,28,0,55
BRDA:181,28,1,48
BRDA:184,29,0,3
BRDA:184,29,1,52
BRDA:188,30,0,55
BRDA:188,30,1,21
BRDA:188,30,2,21
BRDA:190,31,0,55
BRDA:190,31,1,7
BRDA:206,32,0,25
BRDA:206,32,1,22
BRDA:216,33,0,4
BRDA:216,33,1,43
BRDA:222,34,0,1
BRDA:222,34,1,1
BRDA:229,35,0,0
BRDA:229,35,1,0
BRDA:229,36,0,0
BRDA:229,36,1,0
BRDA:234,37,0,25
BRDA:234,37,1,18
BRDA:244,38,0,47
BRDA:244,38,1,47
BRDA:252,39,0,47
BRDA:252,39,1,47
BRDA:263,40,0,47
BRDA:263,40,1,47
BRDA:280,41,0,55
BRDA:280,41,1,48
BRDA:280,41,2,24
BRDA:286,42,0,1
BRDA:286,42,1,23
BRF:89
BRH:72
end_of_record
TN:
SF:src/graphql/queries.ts
FNF:0
FNH:0
DA:1,1
DA:3,1
DA:21,1
DA:33,1
DA:47,1
DA:61,1
DA:71,1
LF:7
LH:7
BRF:0
BRH:0
end_of_record
TN:
SF:src/lib/apolloClient.ts
FN:10,(anonymous_7)
FN:10,(anonymous_8)
FNF:2
FNH:0
FNDA:0,(anonymous_7)
FNDA:0,(anonymous_8)
DA:1,1
DA:2,1
DA:3,1
DA:4,1
DA:6,1
DA:10,1
DA:12,0
DA:13,0
DA:15,0
DA:25,1
LF:10
LH:7
BRDA:13,0,0,0
BRDA:13,0,1,0
BRDA:13,1,0,0
BRDA:13,1,1,0
BRDA:20,2,0,0
BRDA:20,2,1,0
BRF:6
BRH:0
end_of_record
TN:
SF:src/lib/env.ts
FN:1,(anonymous_0)
FNF:1
FNH:1
FNDA:1,(anonymous_0)
DA:1,1
DA:2,1
DA:4,1
DA:5,0
DA:8,1
DA:9,1
LF:6
LH:5
BRDA:5,0,0,0
BRDA:5,0,1,0
BRDA:9,1,0,1
BRDA:9,1,1,1
BRDA:9,2,0,0
BRDA:9,2,1,1
BRDA:9,3,0,1
BRDA:9,3,1,1
BRDA:9,4,0,0
BRDA:9,4,1,1
BRDA:9,5,0,1
BRDA:9,5,1,1
BRF:12
BRH:8
end_of_record
